# JRE version: Java(TM) SE Runtime Environment (18.0+36) (build 18+36-2087)
# Java VM: Java HotSpot(TM) 64-Bit Server VM (18+36-2087, mixed mode, sharing, tiered, compressed oops, compressed class ptrs, g1 gc, windows-amd64)
GC Precious Log:
 CardTable entry size: 512
 Card Set container configuration: InlinePtr #cards 5 size 8 Array Of Cards #cards 12 size 40 Howl #buckets 4 coarsen threshold 1843 Howl Bitmap #cards 512 size 80 coarsen threshold 460 Card regions per heap region 1 cards per card region 2048
 CPUs: 4 total, 4 available
 Memory: 8138M
 Large Page Support: Disabled
 NUMA Support: Disabled
 Compressed Oops: Enabled (32-bit)
 Heap Region Size: 1M
 Heap Min Capacity: 8M
 Heap Initial Capacity: 128M
 Heap Max Capacity: 2036M
 Pre-touch: Disabled
 Parallel Workers: 4
 Concurrent Workers: 1
 Concurrent Refinement Workers: 4
 Periodic GC: Disabled
Heap:
 garbage-first heap   total 50176K, used 33792K [0x0000000080c00000, 0x0000000100000000)
  region size 1024K, 10 young (10240K), 2 survivors (2048K)
 Metaspace       used 60075K, committed 60672K, reserved 1114112K
  class space    used 7996K, committed 8256K, reserved 1048576K
GC Heap History (20 events):
Event: 5.016 GC heap before
{Heap before GC invocations=7 (full 0):
 garbage-first heap   total 48128K, used 32255K [0x0000000080c00000, 0x0000000100000000)
  region size 1024K, 18 young (18432K), 1 survivors (1024K)
 Metaspace       used 28304K, committed 28800K, reserved 1114112K
  class space    used 3537K, committed 3776K, reserved 1048576K
}
Event: 5.018 GC heap after
{Heap after GC invocations=8 (full 0):
 garbage-first heap   total 48128K, used 16782K [0x0000000080c00000, 0x0000000100000000)
  region size 1024K, 2 young (2048K), 2 survivors (2048K)
 Metaspace       used 28304K, committed 28800K, reserved 1114112K
  class space    used 3537K, committed 3776K, reserved 1048576K
}
Event: 5.534 GC heap before
{Heap before GC invocations=8 (full 0):
 garbage-first heap   total 48128K, used 33166K [0x0000000080c00000, 0x0000000100000000)
  region size 1024K, 19 young (19456K), 2 survivors (2048K)
 Metaspace       used 33339K, committed 33856K, reserved 1114112K
  class space    used 4285K, committed 4544K, reserved 1048576K
}
Event: 5.536 GC heap after
{Heap after GC invocations=9 (full 0):
 garbage-first heap   total 48128K, used 17594K [0x0000000080c00000, 0x0000000100000000)
  region size 1024K, 3 young (3072K), 3 survivors (3072K)
 Metaspace       used 33339K, committed 33856K, reserved 1114112K
  class space    used 4285K, committed 4544K, reserved 1048576K
}
Event: 5.708 GC heap before
{Heap before GC invocations=9 (full 0):
 garbage-first heap   total 48128K, used 22714K [0x0000000080c00000, 0x0000000100000000)
  region size 1024K, 10 young (10240K), 3 survivors (3072K)
 Metaspace       used 35579K, committed 36096K, reserved 1114112K
  class space    used 4512K, committed 4736K, reserved 1048576K
}
Event: 5.713 GC heap after
{Heap after GC invocations=10 (full 0):
 garbage-first heap   total 48128K, used 18304K [0x0000000080c00000, 0x0000000100000000)
  region size 1024K, 2 young (2048K), 2 survivors (2048K)
 Metaspace       used 35579K, committed 36096K, reserved 1114112K
  class space    used 4512K, committed 4736K, reserved 1048576K
}
Event: 6.219 GC heap before
{Heap before GC invocations=11 (full 0):
 garbage-first heap   total 48128K, used 34688K [0x0000000080c00000, 0x0000000100000000)
  region size 1024K, 19 young (19456K), 2 survivors (2048K)
 Metaspace       used 40384K, committed 40832K, reserved 1114112K
  class space    used 5164K, committed 5376K, reserved 1048576K
}
Event: 6.222 GC heap after
{Heap after GC invocations=12 (full 0):
 garbage-first heap   total 48128K, used 20252K [0x0000000080c00000, 0x0000000100000000)
  region size 1024K, 3 young (3072K), 3 survivors (3072K)
 Metaspace       used 40384K, committed 40832K, reserved 1114112K
  class space    used 5164K, committed 5376K, reserved 1048576K
}
Event: 6.886 GC heap before
{Heap before GC invocations=12 (full 0):
 garbage-first heap   total 48128K, used 34588K [0x0000000080c00000, 0x0000000100000000)
  region size 1024K, 18 young (18432K), 3 survivors (3072K)
 Metaspace       used 45423K, committed 45888K, reserved 1114112K
  class space    used 6009K, committed 6208K, reserved 1048576K
}
Event: 6.889 GC heap after
{Heap after GC invocations=13 (full 0):
 garbage-first heap   total 48128K, used 21206K [0x0000000080c00000, 0x0000000100000000)
  region size 1024K, 1 young (1024K), 1 survivors (1024K)
 Metaspace       used 45423K, committed 45888K, reserved 1114112K
  class space    used 6009K, committed 6208K, reserved 1048576K
}
Event: 7.592 GC heap before
{Heap before GC invocations=13 (full 0):
 garbage-first heap   total 48128K, used 36566K [0x0000000080c00000, 0x0000000100000000)
  region size 1024K, 17 young (17408K), 1 survivors (1024K)
 Metaspace       used 49446K, committed 49984K, reserved 1114112K
  class space    used 6526K, committed 6784K, reserved 1048576K
}
Event: 7.594 GC heap after
{Heap after GC invocations=14 (full 0):
 garbage-first heap   total 48128K, used 22212K [0x0000000080c00000, 0x0000000100000000)
  region size 1024K, 2 young (2048K), 2 survivors (2048K)
 Metaspace       used 49446K, committed 49984K, reserved 1114112K
  class space    used 6526K, committed 6784K, reserved 1048576K
}
Event: 7.924 GC heap before
{Heap before GC invocations=14 (full 0):
 garbage-first heap   total 48128K, used 37572K [0x0000000080c00000, 0x0000000100000000)
  region size 1024K, 17 young (17408K), 2 survivors (2048K)
 Metaspace       used 51102K, committed 51712K, reserved 1114112K
  class space    used 6800K, committed 7104K, reserved 1048576K
}
Event: 7.929 GC heap after
{Heap after GC invocations=15 (full 0):
 garbage-first heap   total 48128K, used 23507K [0x0000000080c00000, 0x0000000100000000)
  region size 1024K, 3 young (3072K), 3 survivors (3072K)
 Metaspace       used 51102K, committed 51712K, reserved 1114112K
  class space    used 6800K, committed 7104K, reserved 1048576K
}
Event: 8.758 GC heap before
{Heap before GC invocations=15 (full 0):
 garbage-first heap   total 48128K, used 37843K [0x0000000080c00000, 0x0000000100000000)
  region size 1024K, 17 young (17408K), 3 survivors (3072K)
 Metaspace       used 53025K, committed 53696K, reserved 1114112K
  class space    used 7052K, committed 7360K, reserved 1048576K
}
Event: 8.762 GC heap after
{Heap after GC invocations=16 (full 0):
 garbage-first heap   total 48128K, used 25194K [0x0000000080c00000, 0x0000000100000000)
  region size 1024K, 3 young (3072K), 3 survivors (3072K)
 Metaspace       used 53025K, committed 53696K, reserved 1114112K
  class space    used 7052K, committed 7360K, reserved 1048576K
}
Event: 9.343 GC heap before
{Heap before GC invocations=16 (full 0):
 garbage-first heap   total 48128K, used 37482K [0x0000000080c00000, 0x0000000100000000)
  region size 1024K, 16 young (16384K), 3 survivors (3072K)
 Metaspace       used 56123K, committed 56704K, reserved 1114112K
  class space    used 7474K, committed 7744K, reserved 1048576K
}
Event: 9.347 GC heap after
{Heap after GC invocations=17 (full 0):
 garbage-first heap   total 48128K, used 26029K [0x0000000080c00000, 0x0000000100000000)
  region size 1024K, 2 young (2048K), 2 survivors (2048K)
 Metaspace       used 56123K, committed 56704K, reserved 1114112K
  class space    used 7474K, committed 7744K, reserved 1048576K
}
Event: 9.703 GC heap before
{Heap before GC invocations=18 (full 0):
 garbage-first heap   total 50176K, used 37293K [0x0000000080c00000, 0x0000000100000000)
  region size 1024K, 13 young (13312K), 2 survivors (2048K)
 Metaspace       used 58627K, committed 59136K, reserved 1114112K
  class space    used 7848K, committed 8064K, reserved 1048576K
}
Event: 9.705 GC heap after
{Heap after GC invocations=19 (full 0):
 garbage-first heap   total 50176K, used 27648K [0x0000000080c00000, 0x0000000100000000)
  region size 1024K, 2 young (2048K), 2 survivors (2048K)
 Metaspace       used 58627K, committed 59136K, reserved 1114112K
  class space    used 7848K, committed 8064K, reserved 1048576K
}

